<?xml version="1.0" encoding="UTF-8"?>
<!-- Generated by org.testng.reporters.JUnitReportReporter -->
<testsuite skipped="0" hostname="PD-SCVIJANOVIC" name="com.prodyna.test.LoginTest" tests="2" failures="0" timestamp="2021-02-22T23:03:55 MEZ" time="192.437" errors="0">
  <testcase name="loginEmailNegativeTest" time="112.637" classname="com.prodyna.test.LoginTest"/>
  <system-out/>
  <testcase name="loginHappyPathTest" time="79.800" classname="com.prodyna.test.LoginTest"/>
  <system-out/>
</testsuite> <!-- com.prodyna.test.LoginTest -->
